This is pdfTeX, Version 3.141592653-2.6-1.40.24 (MiKTeX 22.10) (preloaded format=pdflatex 2022.11.17)  8 DEC 2022 11:15
entering extended mode
 restricted \write18 enabled.
 %&-line parsing enabled.
**"./Question paper.tex"
(Question paper.tex
LaTeX2e <2022-06-01> patch level 5
L3 programming layer <2022-09-28> (C:\Miktex\tex/latex/base\article.cls
Document Class: article 2021/10/04 v1.4n Standard LaTeX document class
(C:\Miktex\tex/latex/base\size11.clo
File: size11.clo 2021/10/04 v1.4n Standard LaTeX file (size option)
)
\c@part=\count185
\c@section=\count186
\c@subsection=\count187
\c@subsubsection=\count188
\c@paragraph=\count189
\c@subparagraph=\count190
\c@figure=\count191
\c@table=\count192
\abovecaptionskip=\skip47
\belowcaptionskip=\skip48
\bibindent=\dimen138
)
(C:\Miktex\tex/latex/graphics\graphicx.sty
Package: graphicx 2021/09/16 v1.2d Enhanced LaTeX Graphics (DPC,SPQR)

(C:\Miktex\tex/latex/graphics\keyval.sty
Package: keyval 2022/05/29 v1.15 key=value parser (DPC)
\KV@toks@=\toks16
)
(C:\Miktex\tex/latex/graphics\graphics.sty
Package: graphics 2022/03/10 v1.4e Standard LaTeX Graphics (DPC,SPQR)

(C:\Miktex\tex/latex/graphics\trig.sty
Package: trig 2021/08/11 v1.11 sin cos tan (DPC)
)
(C:\Miktex\tex/latex/graphics-cfg\graphics.cfg
File: graphics.cfg 2016/06/04 v1.11 sample graphics configuration
)
Package graphics Info: Driver file: pdftex.def on input line 107.

(C:\Miktex\tex/latex/graphics-def\pdftex.def
File: pdftex.def 2022/09/22 v1.2b Graphics/color driver for pdftex
\stockwidth=\dimen139
\stockheight=\dimen140
))
\Gin@req@height=\dimen141
\Gin@req@width=\dimen142
)
(C:\Miktex\tex/latex/l3backend\l3backend-pdftex.def
File: l3backend-pdftex.def 2022-09-28 L3 backend support: PDF output (pdfTeX)
\l__color_backend_stack_int=\count193
\l__pdf_internal_box=\box51
) (Question paper.aux)
\openout1 = `"Question paper.aux"'.

LaTeX Font Info:    Checking defaults for OML/cmm/m/it on input line 3.
LaTeX Font Info:    ... okay on input line 3.
LaTeX Font Info:    Checking defaults for OMS/cmsy/m/n on input line 3.
LaTeX Font Info:    ... okay on input line 3.
LaTeX Font Info:    Checking defaults for OT1/cmr/m/n on input line 3.
LaTeX Font Info:    ... okay on input line 3.
LaTeX Font Info:    Checking defaults for T1/cmr/m/n on input line 3.
LaTeX Font Info:    ... okay on input line 3.
LaTeX Font Info:    Checking defaults for TS1/cmr/m/n on input line 3.
LaTeX Font Info:    ... okay on input line 3.
LaTeX Font Info:    Checking defaults for OMX/cmex/m/n on input line 3.
LaTeX Font Info:    ... okay on input line 3.
LaTeX Font Info:    Checking defaults for U/cmr/m/n on input line 3.
LaTeX Font Info:    ... okay on input line 3.

(C:\Miktex\tex/context/base/mkii\supp-pdf.mkii
[Loading MPS to PDF converter (version 2006.09.02).]
\scratchcounter=\count194
\scratchdimen=\dimen143
\scratchbox=\box52
\nofMPsegments=\count195
\nofMParguments=\count196
\everyMPshowfont=\toks17
\MPscratchCnt=\count197
\MPscratchDim=\dimen144
\MPnumerator=\count198
\makeMPintoPDFobject=\count199
\everyMPtoPDFconversion=\toks18
) (C:\Miktex\tex/latex/epstopdf-pkg\epstopdf-base.sty
Package: epstopdf-base 2020-01-24 v2.11 Base part for package epstopdf
Package epstopdf-base Info: Redefining graphics rule for `.eps' on input line 4
85.

(C:\Miktex\tex/latex/00miktex\epstopdf-sys.cfg
File: epstopdf-sys.cfg 2021/03/18 v2.0 Configuration of epstopdf for MiKTeX
))
Overfull \hbox (7.0pt too wide) in paragraph at lines 8--9
[][] 
 []


Overfull \hbox (41.73625pt too wide) in paragraph at lines 10--11
[]\OT1/cmr/m/n/10.95 Q.I) Solve the fol-low-ing:  [2] 
 []


Underfull \hbox (badness 10000) in paragraph at lines 10--11

 []

LaTeX Font Info:    External font `cmex10' loaded for size
(Font)              <10.95> on input line 12.
LaTeX Font Info:    External font `cmex10' loaded for size
(Font)              <8> on input line 12.
LaTeX Font Info:    External font `cmex10' loaded for size
(Font)              <6> on input line 12.

Underfull \hbox (badness 10000) in paragraph at lines 12--13

 []


Underfull \hbox (badness 10000) in paragraph at lines 14--15

 []


Overfull \hbox (62.63185pt too wide) in paragraph at lines 16--17
\OT1/cmr/m/n/10.95 tion whose so-lu-tion is the set of all straight lines in th
e xy-plane. [2] 
 []


Underfull \hbox (badness 10000) in paragraph at lines 16--17

 []


Overfull \hbox (47.50232pt too wide) in paragraph at lines 18--19
\OT1/cmr/m/n/10.95 lin-ear, jus-tify and solve: [2] 
 []


Underfull \hbox (badness 10000) in paragraph at lines 18--19

 []


Underfull \hbox (badness 10000) in paragraph at lines 20--21

 []


Underfull \hbox (badness 10000) in paragraph at lines 22--23

 []


Overfull \hbox (35.63794pt too wide) in paragraph at lines 24--25
\OT1/cmr/m/n/10.95 na-tion of these. State true or false and jus-tify. [2] 
 []


Underfull \hbox (badness 10000) in paragraph at lines 24--25

 []


Overfull \hbox (44.25847pt too wide) in paragraph at lines 26--27
\OML/cmm/m/it/10.95 e[] [] []$ \OT1/cmr/m/n/10.95 and $\OML/cmm/m/it/10.95 e[] 
[] []$ \OT1/cmr/m/n/10.95 are lin-early in-de-pen-dent so-lu-tions. [2] 
 []


Underfull \hbox (badness 10000) in paragraph at lines 26--27

 []


Underfull \hbox (badness 10000) in paragraph at lines 28--29

 []


Overfull \hbox (49.11664pt too wide) in paragraph at lines 30--32
\OT1/cmr/m/n/10.95 nal tra-jec-tory. In other words prove that it is self or-th
og-o-nal. [2] 
 []

[1

{C:/Users/Mayank/AppData/Local/MiKTeX/fonts/map/pdftex/pdftex.map}]
(Question paper.aux) ) 
Here is how much of TeX's memory you used:
 1293 strings out of 475385
 20927 string characters out of 2793318
 366981 words of memory out of 3000000
 22714 multiletter control sequences out of 15000+600000
 472306 words of font info for 38 fonts, out of 8000000 for 9000
 1141 hyphenation exceptions out of 8191
 55i,5n,62p,423b,107s stack positions out of 10000i,1000n,20000p,200000b,80000s
<C:/Miktex/fonts/type1/public/amsfonts/cm/cmbx10.pfb><C:/
Miktex/fonts/type1/public/amsfonts/cm/cmmi10.pfb><C:/Miktex/fonts/type1/public/
amsfonts/cm/cmmi8.pfb><C:/Miktex/fonts/type1/public/amsfonts/cm/cmr10.pfb><C:/M
iktex/fonts/type1/public/amsfonts/cm/cmr8.pfb><C:/Miktex/fonts/type1/public/ams
fonts/cm/cmsy10.pfb><C:/Miktex/fonts/type1/public/amsfonts/cm/cmsy6.pfb><C:/Mik
tex/fonts/type1/public/amsfonts/cm/cmsy8.pfb>
Output written on "Question paper.pdf" (1 page, 89124 bytes).
PDF statistics:
 46 PDF objects out of 1000 (max. 8388607)
 0 named destinations out of 1000 (max. 500000)
 1 words of extra memory for PDF output out of 10000 (max. 10000000)

